2020-03-04 19:10:39.704  INFO 9764 --- [main] m.SpringBootHelloWorldWithJspApplication : Starting SpringBootHelloWorldWithJspApplication on DELL with PID 9764 (E:\Prashant\Java\JavaLive\AllNewWorkspace\SpringBootHelloWorldWithHTML\target\classes started by Administrator in E:\Prashant\Java\JavaLive\AllNewWorkspace\SpringBootHelloWorldWithHTML)
2020-03-04 19:10:39.715  INFO 9764 --- [main] m.SpringBootHelloWorldWithJspApplication : No active profile set, falling back to default profiles: default
2020-03-04 19:10:42.092  INFO 9764 --- [main] o.s.b.w.embedded.tomcat.TomcatWebServer  : Tomcat initialized with port(s): 8080 (http)
2020-03-04 19:10:42.114  INFO 9764 --- [main] o.apache.catalina.core.StandardService   : Starting service [Tomcat]
2020-03-04 19:10:42.115  INFO 9764 --- [main] org.apache.catalina.core.StandardEngine  : Starting Servlet engine: [Apache Tomcat/9.0.29]
2020-03-04 19:10:42.341  INFO 9764 --- [main] o.a.c.c.C.[Tomcat].[localhost].[/]       : Initializing Spring embedded WebApplicationContext
2020-03-04 19:10:42.342  INFO 9764 --- [main] o.s.web.context.ContextLoader            : Root WebApplicationContext: initialization completed in 2476 ms
2020-03-04 19:10:42.864  INFO 9764 --- [main] o.s.s.concurrent.ThreadPoolTaskExecutor  : Initializing ExecutorService 'applicationTaskExecutor'
2020-03-04 19:10:43.074  INFO 9764 --- [main] o.s.b.a.w.s.WelcomePageHandlerMapping    : Adding welcome page: class path resource [static/index.html]
2020-03-04 19:10:43.344  INFO 9764 --- [main] o.s.b.w.embedded.tomcat.TomcatWebServer  : Tomcat started on port(s): 8080 (http) with context path ''
2020-03-04 19:10:43.357  INFO 9764 --- [main] m.SpringBootHelloWorldWithJspApplication : Started SpringBootHelloWorldWithJspApplication in 4.76 seconds (JVM running for 6.574)
2020-03-04 19:10:43.361  INFO 9764 --- [main] m.SpringBootHelloWorldWithJspApplication : =========This is info level log message.===================
2020-03-04 19:10:43.363  WARN 9764 --- [main] m.SpringBootHelloWorldWithJspApplication : =========This is warn level log message.===================
2020-03-04 19:10:43.363 ERROR 9764 --- [main] m.SpringBootHelloWorldWithJspApplication : =========This is error level log message.===================
2020-03-04 19:10:53.230  INFO 9764 --- [http-nio-8080-exec-2] o.a.c.c.C.[Tomcat].[localhost].[/]       : Initializing Spring DispatcherServlet 'dispatcherServlet'
2020-03-04 19:10:53.231  INFO 9764 --- [http-nio-8080-exec-2] o.s.web.servlet.DispatcherServlet        : Initializing Servlet 'dispatcherServlet'
2020-03-04 19:10:53.255  INFO 9764 --- [http-nio-8080-exec-2] o.s.web.servlet.DispatcherServlet        : Completed initialization in 23 ms
2020-03-04 19:12:31.773  INFO 9764 --- [RMI TCP Connection(2)-127.0.0.1] inMXBeanRegistrar$SpringApplicationAdmin : Application shutdown requested.
2020-03-04 19:12:31.782  INFO 9764 --- [RMI TCP Connection(2)-127.0.0.1] o.s.s.concurrent.ThreadPoolTaskExecutor  : Shutting down ExecutorService 'applicationTaskExecutor'
2020-03-04 19:14:11.368  INFO 4764 --- [main] m.SpringBootHelloWorldWithJspApplication : Starting SpringBootHelloWorldWithJspApplication on DELL with PID 4764 (E:\Prashant\Java\JavaLive\AllNewWorkspace\SpringBootHelloWorldWithHTML\target\classes started by Administrator in E:\Prashant\Java\JavaLive\AllNewWorkspace\SpringBootHelloWorldWithHTML)
2020-03-04 19:14:11.377 DEBUG 4764 --- [main] m.SpringBootHelloWorldWithJspApplication : Running with Spring Boot v2.2.2.RELEASE, Spring v5.2.2.RELEASE
2020-03-04 19:14:11.379  INFO 4764 --- [main] m.SpringBootHelloWorldWithJspApplication : No active profile set, falling back to default profiles: default
2020-03-04 19:14:13.655  INFO 4764 --- [main] o.s.b.w.embedded.tomcat.TomcatWebServer  : Tomcat initialized with port(s): 8080 (http)
2020-03-04 19:14:13.678  INFO 4764 --- [main] o.apache.catalina.core.StandardService   : Starting service [Tomcat]
2020-03-04 19:14:13.679  INFO 4764 --- [main] org.apache.catalina.core.StandardEngine  : Starting Servlet engine: [Apache Tomcat/9.0.29]
2020-03-04 19:14:13.946  INFO 4764 --- [main] o.a.c.c.C.[Tomcat].[localhost].[/]       : Initializing Spring embedded WebApplicationContext
2020-03-04 19:14:13.947  INFO 4764 --- [main] o.s.web.context.ContextLoader            : Root WebApplicationContext: initialization completed in 2415 ms
2020-03-04 19:14:14.444  INFO 4764 --- [main] o.s.s.concurrent.ThreadPoolTaskExecutor  : Initializing ExecutorService 'applicationTaskExecutor'
2020-03-04 19:14:14.652  INFO 4764 --- [main] o.s.b.a.w.s.WelcomePageHandlerMapping    : Adding welcome page: class path resource [static/index.html]
2020-03-04 19:14:14.926  INFO 4764 --- [main] o.s.b.w.embedded.tomcat.TomcatWebServer  : Tomcat started on port(s): 8080 (http) with context path ''
2020-03-04 19:14:14.938  INFO 4764 --- [main] m.SpringBootHelloWorldWithJspApplication : Started SpringBootHelloWorldWithJspApplication in 4.854 seconds (JVM running for 6.79)
2020-03-04 19:14:14.944  INFO 4764 --- [main] m.SpringBootHelloWorldWithJspApplication : =========This is info level log message.===================
2020-03-04 19:14:14.945 DEBUG 4764 --- [main] m.SpringBootHelloWorldWithJspApplication : =========This is debug level log message.===================
2020-03-04 19:14:14.946  WARN 4764 --- [main] m.SpringBootHelloWorldWithJspApplication : =========This is warn level log message.===================
2020-03-04 19:14:14.947 ERROR 4764 --- [main] m.SpringBootHelloWorldWithJspApplication : =========This is error level log message.===================
2020-03-04 19:16:11.173  INFO 4764 --- [RMI TCP Connection(2)-127.0.0.1] inMXBeanRegistrar$SpringApplicationAdmin : Application shutdown requested.
2020-03-04 19:16:11.184  INFO 4764 --- [RMI TCP Connection(2)-127.0.0.1] o.s.s.concurrent.ThreadPoolTaskExecutor  : Shutting down ExecutorService 'applicationTaskExecutor'
2020-03-04 19:17:33.208  INFO 2312 --- [main] m.SpringBootHelloWorldWithJspApplication : Starting SpringBootHelloWorldWithJspApplication on DELL with PID 2312 (E:\Prashant\Java\JavaLive\AllNewWorkspace\SpringBootHelloWorldWithLogbackAndHTML\target\classes started by Administrator in E:\Prashant\Java\JavaLive\AllNewWorkspace\SpringBootHelloWorldWithLogbackAndHTML)
2020-03-04 19:17:33.218 DEBUG 2312 --- [main] m.SpringBootHelloWorldWithJspApplication : Running with Spring Boot v2.2.2.RELEASE, Spring v5.2.2.RELEASE
2020-03-04 19:17:33.220  INFO 2312 --- [main] m.SpringBootHelloWorldWithJspApplication : No active profile set, falling back to default profiles: default
2020-03-04 19:17:35.578  INFO 2312 --- [main] o.s.b.w.embedded.tomcat.TomcatWebServer  : Tomcat initialized with port(s): 8080 (http)
2020-03-04 19:17:35.600  INFO 2312 --- [main] o.apache.catalina.core.StandardService   : Starting service [Tomcat]
2020-03-04 19:17:35.601  INFO 2312 --- [main] org.apache.catalina.core.StandardEngine  : Starting Servlet engine: [Apache Tomcat/9.0.29]
2020-03-04 19:17:35.863  INFO 2312 --- [main] o.a.c.c.C.[Tomcat].[localhost].[/]       : Initializing Spring embedded WebApplicationContext
2020-03-04 19:17:35.865  INFO 2312 --- [main] o.s.web.context.ContextLoader            : Root WebApplicationContext: initialization completed in 2512 ms
2020-03-04 19:17:36.395  INFO 2312 --- [main] o.s.s.concurrent.ThreadPoolTaskExecutor  : Initializing ExecutorService 'applicationTaskExecutor'
2020-03-04 19:17:36.617  INFO 2312 --- [main] o.s.b.a.w.s.WelcomePageHandlerMapping    : Adding welcome page: class path resource [static/index.html]
2020-03-04 19:17:36.865  INFO 2312 --- [main] o.s.b.w.embedded.tomcat.TomcatWebServer  : Tomcat started on port(s): 8080 (http) with context path ''
2020-03-04 19:17:36.874  INFO 2312 --- [main] m.SpringBootHelloWorldWithJspApplication : Started SpringBootHelloWorldWithJspApplication in 4.817 seconds (JVM running for 6.53)
2020-03-04 19:17:36.879  INFO 2312 --- [main] m.SpringBootHelloWorldWithJspApplication : =========This is info level log message.===================
2020-03-04 19:17:36.880 DEBUG 2312 --- [main] m.SpringBootHelloWorldWithJspApplication : =========This is debug level log message.===================
2020-03-04 19:17:36.881  WARN 2312 --- [main] m.SpringBootHelloWorldWithJspApplication : =========This is warn level log message.===================
2020-03-04 19:17:36.882 ERROR 2312 --- [main] m.SpringBootHelloWorldWithJspApplication : =========This is error level log message.===================
2020-03-04 19:18:32.319  INFO 2312 --- [RMI TCP Connection(2)-127.0.0.1] inMXBeanRegistrar$SpringApplicationAdmin : Application shutdown requested.
2020-03-04 19:18:32.329  INFO 2312 --- [RMI TCP Connection(2)-127.0.0.1] o.s.s.concurrent.ThreadPoolTaskExecutor  : Shutting down ExecutorService 'applicationTaskExecutor'
2020-03-04 19:20:16.262  INFO 12488 --- [main] m.SpringBootHelloWorldWithJspApplication : Starting SpringBootHelloWorldWithJspApplication on DELL with PID 12488 (E:\Prashant\Java\JavaLive\AllNewWorkspace\SpringBootHelloWorldWithLogbackAndHTML\target\classes started by Administrator in E:\Prashant\Java\JavaLive\AllNewWorkspace\SpringBootHelloWorldWithLogbackAndHTML)
2020-03-04 19:20:16.270 DEBUG 12488 --- [main] m.SpringBootHelloWorldWithJspApplication : Running with Spring Boot v2.2.2.RELEASE, Spring v5.2.2.RELEASE
2020-03-04 19:20:16.272  INFO 12488 --- [main] m.SpringBootHelloWorldWithJspApplication : No active profile set, falling back to default profiles: default
2020-03-04 19:20:18.633  INFO 12488 --- [main] o.s.b.w.embedded.tomcat.TomcatWebServer  : Tomcat initialized with port(s): 8080 (http)
2020-03-04 19:20:18.655  INFO 12488 --- [main] o.apache.catalina.core.StandardService   : Starting service [Tomcat]
2020-03-04 19:20:18.656  INFO 12488 --- [main] org.apache.catalina.core.StandardEngine  : Starting Servlet engine: [Apache Tomcat/9.0.29]
2020-03-04 19:20:18.918  INFO 12488 --- [main] o.a.c.c.C.[Tomcat].[localhost].[/]       : Initializing Spring embedded WebApplicationContext
2020-03-04 19:20:18.920  INFO 12488 --- [main] o.s.web.context.ContextLoader            : Root WebApplicationContext: initialization completed in 2503 ms
2020-03-04 19:20:19.425  INFO 12488 --- [main] o.s.s.concurrent.ThreadPoolTaskExecutor  : Initializing ExecutorService 'applicationTaskExecutor'
2020-03-04 19:20:19.642  INFO 12488 --- [main] o.s.b.a.w.s.WelcomePageHandlerMapping    : Adding welcome page: class path resource [static/index.html]
2020-03-04 19:20:19.934  INFO 12488 --- [main] o.s.b.w.embedded.tomcat.TomcatWebServer  : Tomcat started on port(s): 8080 (http) with context path ''
2020-03-04 19:20:19.944  INFO 12488 --- [main] m.SpringBootHelloWorldWithJspApplication : Started SpringBootHelloWorldWithJspApplication in 4.796 seconds (JVM running for 6.712)
2020-03-04 19:20:19.949  INFO 12488 --- [main] m.SpringBootHelloWorldWithJspApplication : =========This is info level log message.===================
2020-03-04 19:20:19.950 DEBUG 12488 --- [main] m.SpringBootHelloWorldWithJspApplication : =========This is debug level log message.===================
2020-03-04 19:20:19.951  WARN 12488 --- [main] m.SpringBootHelloWorldWithJspApplication : =========This is warn level log message.===================
2020-03-04 19:20:19.952 ERROR 12488 --- [main] m.SpringBootHelloWorldWithJspApplication : =========This is error level log message.===================
2020-03-04 19:21:32.547  INFO 12488 --- [http-nio-8080-exec-1] o.a.c.c.C.[Tomcat].[localhost].[/]       : Initializing Spring DispatcherServlet 'dispatcherServlet'
2020-03-04 19:21:32.548  INFO 12488 --- [http-nio-8080-exec-1] o.s.web.servlet.DispatcherServlet        : Initializing Servlet 'dispatcherServlet'
2020-03-04 19:21:32.569  INFO 12488 --- [http-nio-8080-exec-1] o.s.web.servlet.DispatcherServlet        : Completed initialization in 20 ms
2020-03-04 19:22:10.652  INFO 12488 --- [RMI TCP Connection(2)-127.0.0.1] inMXBeanRegistrar$SpringApplicationAdmin : Application shutdown requested.
2020-03-04 19:22:10.662  INFO 12488 --- [RMI TCP Connection(2)-127.0.0.1] o.s.s.concurrent.ThreadPoolTaskExecutor  : Shutting down ExecutorService 'applicationTaskExecutor'
